<?xml version="1.0" encoding="UTF-8" standalone="no"?>
<!DOCTYPE log SYSTEM "logger.dtd">
<log>
<record>
  <date>2024-08-13T08:12:29.578-0300</date>
  <logger>GABRIEL GERMANO DOS SANTOS</logger>
  <level>FINE</level>
  <message>File 123110263-GABRIEL GERMANO DOS SANTOS.zip was received. It was sent by GABRIEL GERMANO DOS SANTOS from IP 150.165.80.96 at 13-08-2024 08*12*29</message>
</record>
</log>
<?xml version="1.0" encoding="UTF-8" standalone="no"?>
<!DOCTYPE log SYSTEM "logger.dtd">
<log>
<record>
  <date>2024-08-13T12:54:00.688-0300</date>
  <logger>GABRIEL GERMANO DOS SANTOS</logger>
  <level>FINE</level>
  <message>File 123110263-GABRIEL GERMANO DOS SANTOS.zip was received. It was sent by GABRIEL GERMANO DOS SANTOS from IP 150.165.80.96 at 13-08-2024 12*54*00</message>
</record>
</log>
<?xml version="1.0" encoding="UTF-8" standalone="no"?>
<!DOCTYPE log SYSTEM "logger.dtd">
<log>
<record>
  <date>2024-08-13T14:14:12.172-0300</date>
  <logger>GABRIEL GERMANO DOS SANTOS</logger>
  <level>FINE</level>
  <message>File 123110263-GABRIEL GERMANO DOS SANTOS.zip was received. It was sent by GABRIEL GERMANO DOS SANTOS from IP 150.165.80.96 at 13-08-2024 14*14*12</message>
</record>
</log>
<?xml version="1.0" encoding="UTF-8" standalone="no"?>
<!DOCTYPE log SYSTEM "logger.dtd">
<log>
<record>
  <date>2024-08-13T16:49:50.875-0300</date>
  <logger>GABRIEL GERMANO DOS SANTOS</logger>
  <level>FINE</level>
  <message>File 123110263-GABRIEL GERMANO DOS SANTOS.zip was received. It was sent by GABRIEL GERMANO DOS SANTOS from IP 150.165.80.96 at 13-08-2024 16*49*50</message>
</record>
